{"level":"info","message":"listening on port 7000..","timestamp":"2021-07-11T11:46:53.067Z"}
{"level":"info","message":"listening on port 7000..","timestamp":"2021-07-11T11:46:53.053Z"}
{"level":"info","message":"Connected to mongodb://localhost/vidly_tests..","timestamp":"2021-07-11T11:46:53.144Z"}
{"level":"info","message":"Connected to mongodb://localhost/vidly_tests..","timestamp":"2021-07-11T11:46:53.151Z"}
{"level":"info","message":"Connected to mongodb://localhost/vidly_tests..","timestamp":"2021-07-11T11:46:53.143Z"}
{"level":"info","message":"Connected to mongodb://localhost/vidly_tests..","timestamp":"2021-07-11T11:46:53.150Z"}
{"level":"info","message":"listening on port 7000..","timestamp":"2021-07-11T11:46:53.219Z"}
{"level":"info","message":"listening on port 7000..","timestamp":"2021-07-11T11:46:53.242Z"}
{"level":"info","message":"listening on port 7000..","timestamp":"2021-07-11T11:47:19.254Z"}
{"level":"info","message":"listening on port 7000..","timestamp":"2021-07-11T11:47:19.265Z"}
{"level":"info","message":"listening on port 7000..","timestamp":"2021-07-11T11:47:19.293Z"}
{"level":"info","message":"Connected to mongodb://localhost/vidly_tests..","timestamp":"2021-07-11T11:47:19.338Z"}
{"level":"info","message":"Connected to mongodb://localhost/vidly_tests..","timestamp":"2021-07-11T11:47:19.339Z"}
{"level":"info","message":"Connected to mongodb://localhost/vidly_tests..","timestamp":"2021-07-11T11:47:19.416Z"}
{"level":"info","message":"listening on port 7000..","timestamp":"2021-07-11T11:47:19.597Z"}
{"level":"info","message":"Connected to mongodb://localhost/vidly_tests..","timestamp":"2021-07-11T11:47:19.658Z"}
{"level":"info","message":"listening on port 7000..","timestamp":"2021-07-11T11:47:33.750Z"}
{"level":"info","message":"listening on port 7000..","timestamp":"2021-07-11T11:47:33.779Z"}
{"level":"info","message":"Connected to mongodb://localhost/vidly_tests..","timestamp":"2021-07-11T11:47:33.821Z"}
{"level":"info","message":"Connected to mongodb://localhost/vidly_tests..","timestamp":"2021-07-11T11:47:33.899Z"}
{"level":"info","message":"Connected to mongodb://localhost/vidly_tests..","timestamp":"2021-07-11T11:47:33.889Z"}
{"level":"info","message":"Connected to mongodb://localhost/vidly_tests..","timestamp":"2021-07-11T11:47:33.895Z"}
{"level":"info","message":"listening on port 7000..","timestamp":"2021-07-11T11:47:33.969Z"}
{"level":"info","message":"listening on port 7000..","timestamp":"2021-07-11T11:47:33.989Z"}
{"level":"info","message":"listening on port 7000..","timestamp":"2021-07-11T11:49:47.020Z"}
{"level":"info","message":"listening on port 7000..","timestamp":"2021-07-11T11:49:47.081Z"}
{"level":"info","message":"Connected to mongodb://localhost/vidly_tests..","timestamp":"2021-07-11T11:49:47.143Z"}
{"level":"info","message":"Connected to mongodb://localhost/vidly_tests..","timestamp":"2021-07-11T11:49:47.137Z"}
{"level":"info","message":"Connected to mongodb://localhost/vidly_tests..","timestamp":"2021-07-11T11:49:47.162Z"}
{"level":"info","message":"listening on port 7000..","timestamp":"2021-07-11T11:49:47.241Z"}
{"level":"info","message":"listening on port 7000..","timestamp":"2021-07-11T11:49:47.422Z"}
{"level":"info","message":"Connected to mongodb://localhost/vidly_tests..","timestamp":"2021-07-11T11:49:47.486Z"}
{"level":"info","message":"listening on port 7000..","timestamp":"2021-07-11T11:54:33.040Z"}
{"level":"info","message":"listening on port 7000..","timestamp":"2021-07-11T11:54:33.045Z"}
{"level":"info","message":"Connected to mongodb://localhost/vidly_tests..","timestamp":"2021-07-11T11:54:33.116Z"}
{"level":"info","message":"Connected to mongodb://localhost/vidly_tests..","timestamp":"2021-07-11T11:54:33.150Z"}
{"level":"info","message":"Connected to mongodb://localhost/vidly_tests..","timestamp":"2021-07-11T11:54:33.174Z"}
{"level":"info","message":"Connected to mongodb://localhost/vidly_tests..","timestamp":"2021-07-11T11:54:33.231Z"}
{"level":"info","message":"listening on port 7000..","timestamp":"2021-07-11T11:54:33.255Z"}
{"level":"info","message":"listening on port 7000..","timestamp":"2021-07-11T11:54:33.328Z"}
{"level":"info","message":"listening on port 7000..","timestamp":"2021-07-11T11:57:36.976Z"}
{"level":"info","message":"listening on port 7000..","timestamp":"2021-07-11T11:57:37.001Z"}
{"level":"info","message":"listening on port 7000..","timestamp":"2021-07-11T11:57:37.002Z"}
{"level":"info","message":"Connected to mongodb://localhost/vidly_tests..","timestamp":"2021-07-11T11:57:37.068Z"}
{"level":"info","message":"Connected to mongodb://localhost/vidly_tests..","timestamp":"2021-07-11T11:57:37.080Z"}
{"level":"info","message":"Connected to mongodb://localhost/vidly_tests..","timestamp":"2021-07-11T11:57:37.084Z"}
{"level":"info","message":"listening on port 7000..","timestamp":"2021-07-11T11:57:37.316Z"}
{"level":"info","message":"Connected to mongodb://localhost/vidly_tests..","timestamp":"2021-07-11T11:57:37.381Z"}
{"level":"info","message":"listening on port 7000..","timestamp":"2021-07-11T11:58:04.444Z"}
{"level":"info","message":"listening on port 7000..","timestamp":"2021-07-11T11:58:04.456Z"}
{"level":"info","message":"Connected to mongodb://localhost/vidly_tests..","timestamp":"2021-07-11T11:58:04.534Z"}
{"level":"info","message":"Connected to mongodb://localhost/vidly_tests..","timestamp":"2021-07-11T11:58:04.540Z"}
{"level":"info","message":"Connected to mongodb://localhost/vidly_tests..","timestamp":"2021-07-11T11:58:04.569Z"}
{"level":"info","message":"listening on port 7000..","timestamp":"2021-07-11T11:58:04.654Z"}
{"level":"info","message":"listening on port 7000..","timestamp":"2021-07-11T11:58:04.774Z"}
{"level":"info","message":"Connected to mongodb://localhost/vidly_tests..","timestamp":"2021-07-11T11:58:04.834Z"}
{"level":"info","message":"listening on port 7000..","timestamp":"2021-07-11T11:59:41.527Z"}
{"level":"info","message":"listening on port 7000..","timestamp":"2021-07-11T11:59:41.523Z"}
{"level":"info","message":"Connected to mongodb://localhost/vidly_tests..","timestamp":"2021-07-11T11:59:41.602Z"}
{"level":"info","message":"Connected to mongodb://localhost/vidly_tests..","timestamp":"2021-07-11T11:59:41.648Z"}
{"level":"info","message":"Connected to mongodb://localhost/vidly_tests..","timestamp":"2021-07-11T11:59:41.666Z"}
{"level":"info","message":"listening on port 7000..","timestamp":"2021-07-11T11:59:41.761Z"}
{"level":"info","message":"listening on port 7000..","timestamp":"2021-07-11T11:59:41.854Z"}
{"level":"info","message":"Connected to mongodb://localhost/vidly_tests..","timestamp":"2021-07-11T11:59:41.925Z"}
{"level":"info","message":"listening on port 7000..","timestamp":"2021-07-11T11:59:54.169Z"}
{"level":"info","message":"listening on port 7000..","timestamp":"2021-07-11T11:59:54.231Z"}
{"level":"info","message":"Connected to mongodb://localhost/vidly_tests..","timestamp":"2021-07-11T11:59:54.255Z"}
{"level":"info","message":"Connected to mongodb://localhost/vidly_tests..","timestamp":"2021-07-11T11:59:54.283Z"}
{"level":"info","message":"Connected to mongodb://localhost/vidly_tests..","timestamp":"2021-07-11T11:59:54.280Z"}
{"level":"info","message":"Connected to mongodb://localhost/vidly_tests..","timestamp":"2021-07-11T11:59:54.330Z"}
{"level":"info","message":"listening on port 7000..","timestamp":"2021-07-11T11:59:54.361Z"}
{"level":"info","message":"listening on port 7000..","timestamp":"2021-07-11T11:59:54.364Z"}
{"level":"info","message":"listening on port 7000..","timestamp":"2021-07-11T12:00:44.095Z"}
{"level":"info","message":"Connected to mongodb://localhost/vidly_tests..","timestamp":"2021-07-11T12:00:44.191Z"}
{"level":"info","message":"Connected to mongodb://localhost/vidly_tests..","timestamp":"2021-07-11T12:00:44.289Z"}
{"level":"info","message":"Connected to mongodb://localhost/vidly_tests..","timestamp":"2021-07-11T12:00:44.299Z"}
{"level":"info","message":"listening on port 7000..","timestamp":"2021-07-11T12:00:44.251Z"}
{"level":"info","message":"listening on port 7000..","timestamp":"2021-07-11T12:00:44.362Z"}
{"level":"info","message":"Connected to mongodb://localhost/vidly_tests..","timestamp":"2021-07-11T12:00:44.368Z"}
{"level":"info","message":"listening on port 7000..","timestamp":"2021-07-11T12:00:44.385Z"}
{"level":"info","message":"listening on port 7000..","timestamp":"2021-07-11T12:01:45.799Z"}
{"level":"info","message":"listening on port 7000..","timestamp":"2021-07-11T12:01:45.796Z"}
{"level":"info","message":"listening on port 7000..","timestamp":"2021-07-11T12:01:45.808Z"}
{"level":"info","message":"Connected to mongodb://localhost/vidly_tests..","timestamp":"2021-07-11T12:01:45.864Z"}
{"level":"info","message":"Connected to mongodb://localhost/vidly_tests..","timestamp":"2021-07-11T12:01:45.883Z"}
{"level":"info","message":"Connected to mongodb://localhost/vidly_tests..","timestamp":"2021-07-11T12:01:45.906Z"}
{"level":"info","message":"listening on port 7000..","timestamp":"2021-07-11T12:01:46.002Z"}
{"level":"info","message":"Connected to mongodb://localhost/vidly_tests..","timestamp":"2021-07-11T12:01:46.068Z"}
{"level":"error","message":"No document found for query \"{ _id: 60eaddaa48d6ff1258d9d917 }\"","timestamp":"2021-07-11T12:01:46.162Z"}
{"level":"info","message":"listening on port 7000..","timestamp":"2021-07-11T12:02:22.275Z"}
{"level":"info","message":"listening on port 7000..","timestamp":"2021-07-11T12:02:22.282Z"}
{"level":"info","message":"Connected to mongodb://localhost/vidly_tests..","timestamp":"2021-07-11T12:02:22.360Z"}
{"level":"info","message":"Connected to mongodb://localhost/vidly_tests..","timestamp":"2021-07-11T12:02:22.356Z"}
{"level":"info","message":"Connected to mongodb://localhost/vidly_tests..","timestamp":"2021-07-11T12:02:22.401Z"}
{"level":"info","message":"listening on port 7000..","timestamp":"2021-07-11T12:02:22.452Z"}
{"level":"info","message":"listening on port 7000..","timestamp":"2021-07-11T12:02:22.500Z"}
{"level":"info","message":"Connected to mongodb://localhost/vidly_tests..","timestamp":"2021-07-11T12:02:22.565Z"}
{"level":"info","message":"listening on port 7000..","timestamp":"2021-07-11T12:02:53.261Z"}
{"level":"info","message":"listening on port 7000..","timestamp":"2021-07-11T12:02:53.296Z"}
{"level":"info","message":"Connected to mongodb://localhost/vidly_tests..","timestamp":"2021-07-11T12:02:53.339Z"}
{"level":"info","message":"Connected to mongodb://localhost/vidly_tests..","timestamp":"2021-07-11T12:02:53.373Z"}
{"level":"info","message":"Connected to mongodb://localhost/vidly_tests..","timestamp":"2021-07-11T12:02:53.378Z"}
{"level":"info","message":"listening on port 7000..","timestamp":"2021-07-11T12:02:53.436Z"}
{"level":"info","message":"listening on port 7000..","timestamp":"2021-07-11T12:02:53.497Z"}
{"level":"info","message":"Connected to mongodb://localhost/vidly_tests..","timestamp":"2021-07-11T12:02:53.555Z"}
{"level":"info","message":"listening on port 7000..","timestamp":"2021-07-11T12:03:22.945Z"}
{"level":"info","message":"Connected to mongodb://localhost/vidly_tests..","timestamp":"2021-07-11T12:03:23.021Z"}
{"level":"info","message":"listening on port 7000..","timestamp":"2021-07-11T12:03:23.002Z"}
{"level":"info","message":"Connected to mongodb://localhost/vidly_tests..","timestamp":"2021-07-11T12:03:23.076Z"}
{"level":"info","message":"Connected to mongodb://localhost/vidly_tests..","timestamp":"2021-07-11T12:03:23.118Z"}
{"level":"info","message":"listening on port 7000..","timestamp":"2021-07-11T12:03:23.167Z"}
{"level":"info","message":"listening on port 7000..","timestamp":"2021-07-11T12:03:23.254Z"}
{"level":"info","message":"Connected to mongodb://localhost/vidly_tests..","timestamp":"2021-07-11T12:03:23.323Z"}
{"level":"info","message":"listening on port 7000..","timestamp":"2021-07-11T12:04:50.824Z"}
{"level":"info","message":"listening on port 7000..","timestamp":"2021-07-11T12:04:50.865Z"}
{"level":"info","message":"Connected to mongodb://localhost/vidly_tests..","timestamp":"2021-07-11T12:04:50.894Z"}
{"level":"info","message":"Connected to mongodb://localhost/vidly_tests..","timestamp":"2021-07-11T12:04:50.926Z"}
{"level":"info","message":"Connected to mongodb://localhost/vidly_tests..","timestamp":"2021-07-11T12:04:50.950Z"}
{"level":"info","message":"listening on port 7000..","timestamp":"2021-07-11T12:04:50.990Z"}
{"level":"info","message":"listening on port 7000..","timestamp":"2021-07-11T12:04:51.099Z"}
{"level":"info","message":"Connected to mongodb://localhost/vidly_tests..","timestamp":"2021-07-11T12:04:51.147Z"}
{"level":"info","message":"listening on port 7000..","timestamp":"2021-07-11T12:05:28.287Z"}
{"level":"info","message":"listening on port 7000..","timestamp":"2021-07-11T12:05:28.293Z"}
{"level":"info","message":"Connected to mongodb://localhost/vidly_tests..","timestamp":"2021-07-11T12:05:28.357Z"}
{"level":"info","message":"Connected to mongodb://localhost/vidly_tests..","timestamp":"2021-07-11T12:05:28.392Z"}
{"level":"info","message":"Connected to mongodb://localhost/vidly_tests..","timestamp":"2021-07-11T12:05:28.399Z"}
{"level":"info","message":"listening on port 7000..","timestamp":"2021-07-11T12:05:28.492Z"}
{"level":"info","message":"listening on port 7000..","timestamp":"2021-07-11T12:05:28.499Z"}
{"level":"info","message":"Connected to mongodb://localhost/vidly_tests..","timestamp":"2021-07-11T12:05:28.576Z"}
{"level":"error","message":"No document found for query \"{ _id: 60eade881c6b51366c96df41 }\"","timestamp":"2021-07-11T12:05:28.692Z"}
{"level":"error","message":"No document found for query \"{ _id: 60eade881c6b51366c96df55 }\"","timestamp":"2021-07-11T12:05:28.787Z"}
{"level":"info","message":"listening on port 7000..","timestamp":"2021-07-11T12:07:13.301Z"}
{"level":"info","message":"listening on port 7000..","timestamp":"2021-07-11T12:07:13.314Z"}
{"level":"info","message":"Connected to mongodb://localhost/vidly_tests..","timestamp":"2021-07-11T12:07:13.378Z"}
{"level":"info","message":"listening on port 7000..","timestamp":"2021-07-11T12:07:13.358Z"}
{"level":"info","message":"Connected to mongodb://localhost/vidly_tests..","timestamp":"2021-07-11T12:07:13.414Z"}
{"level":"info","message":"Connected to mongodb://localhost/vidly_tests..","timestamp":"2021-07-11T12:07:13.447Z"}
{"level":"info","message":"listening on port 7000..","timestamp":"2021-07-11T12:07:13.572Z"}
{"level":"info","message":"Connected to mongodb://localhost/vidly_tests..","timestamp":"2021-07-11T12:07:13.654Z"}
{"level":"info","message":"listening on port 7000..","timestamp":"2021-07-11T12:07:26.079Z"}
{"level":"info","message":"Connected to mongodb://localhost/vidly_tests..","timestamp":"2021-07-11T12:07:26.186Z"}
{"level":"info","message":"Connected to mongodb://localhost/vidly_tests..","timestamp":"2021-07-11T12:07:26.188Z"}
{"level":"info","message":"listening on port 7000..","timestamp":"2021-07-11T12:07:26.194Z"}
{"level":"info","message":"Connected to mongodb://localhost/vidly_tests..","timestamp":"2021-07-11T12:07:26.227Z"}
{"level":"info","message":"Connected to mongodb://localhost/vidly_tests..","timestamp":"2021-07-11T12:07:26.299Z"}
{"level":"info","message":"listening on port 7000..","timestamp":"2021-07-11T12:07:26.306Z"}
{"level":"info","message":"listening on port 7000..","timestamp":"2021-07-11T12:08:05.554Z"}
{"level":"info","message":"listening on port 7000..","timestamp":"2021-07-11T12:08:05.572Z"}
{"level":"info","message":"listening on port 7000..","timestamp":"2021-07-11T12:08:05.594Z"}
{"level":"info","message":"Connected to mongodb://localhost/vidly_tests..","timestamp":"2021-07-11T12:08:05.638Z"}
{"level":"info","message":"Connected to mongodb://localhost/vidly_tests..","timestamp":"2021-07-11T12:08:05.670Z"}
{"level":"info","message":"Connected to mongodb://localhost/vidly_tests..","timestamp":"2021-07-11T12:08:05.689Z"}
{"level":"info","message":"listening on port 7000..","timestamp":"2021-07-11T12:08:05.896Z"}
{"level":"info","message":"Connected to mongodb://localhost/vidly_tests..","timestamp":"2021-07-11T12:08:05.955Z"}
{"level":"info","message":"listening on port 7000..","timestamp":"2021-07-11T12:08:18.684Z"}
{"level":"info","message":"Connected to mongodb://localhost/vidly_tests..","timestamp":"2021-07-11T12:08:18.786Z"}
{"level":"info","message":"listening on port 7000..","timestamp":"2021-07-11T12:08:18.778Z"}
{"level":"info","message":"listening on port 7000..","timestamp":"2021-07-11T12:08:18.837Z"}
{"level":"info","message":"Connected to mongodb://localhost/vidly_tests..","timestamp":"2021-07-11T12:08:18.861Z"}
{"level":"info","message":"Connected to mongodb://localhost/vidly_tests..","timestamp":"2021-07-11T12:08:18.878Z"}
{"level":"info","message":"Connected to mongodb://localhost/vidly_tests..","timestamp":"2021-07-11T12:08:18.904Z"}
{"level":"info","message":"listening on port 7000..","timestamp":"2021-07-11T12:08:18.961Z"}
{"level":"info","message":"listening on port 7000..","timestamp":"2021-07-11T12:10:46.344Z"}
{"level":"info","message":"listening on port 7000..","timestamp":"2021-07-11T12:10:46.372Z"}
{"level":"info","message":"Connected to mongodb://localhost/vidly_tests..","timestamp":"2021-07-11T12:10:46.438Z"}
{"level":"info","message":"Connected to mongodb://localhost/vidly_tests..","timestamp":"2021-07-11T12:10:46.465Z"}
{"level":"info","message":"Connected to mongodb://localhost/vidly_tests..","timestamp":"2021-07-11T12:10:46.473Z"}
{"level":"info","message":"listening on port 7000..","timestamp":"2021-07-11T12:10:46.539Z"}
{"level":"info","message":"listening on port 7000..","timestamp":"2021-07-11T12:10:46.566Z"}
{"level":"info","message":"Connected to mongodb://localhost/vidly_tests..","timestamp":"2021-07-11T12:10:46.631Z"}
{"level":"error","message":"No document found for query \"{ _id: 60eadfc67cc83e3004a88c79 }\"","timestamp":"2021-07-11T12:10:46.733Z"}
{"level":"error","message":"No document found for query \"{ _id: 60eadfc67cc83e3004a88c81 }\"","timestamp":"2021-07-11T12:10:46.770Z"}
{"level":"error","message":"No document found for query \"{ _id: 60eadfc67cc83e3004a88c8e }\"","timestamp":"2021-07-11T12:10:46.835Z"}
{"level":"info","message":"listening on port 7000..","timestamp":"2021-07-11T12:12:05.785Z"}
{"level":"info","message":"listening on port 7000..","timestamp":"2021-07-11T12:12:05.789Z"}
{"level":"info","message":"listening on port 7000..","timestamp":"2021-07-11T12:12:05.822Z"}
{"level":"info","message":"Connected to mongodb://localhost/vidly_tests..","timestamp":"2021-07-11T12:12:05.850Z"}
{"level":"info","message":"Connected to mongodb://localhost/vidly_tests..","timestamp":"2021-07-11T12:12:05.856Z"}
{"level":"info","message":"Connected to mongodb://localhost/vidly_tests..","timestamp":"2021-07-11T12:12:05.908Z"}
{"level":"info","message":"Connected to mongodb://localhost/vidly_tests..","timestamp":"2021-07-11T12:12:05.941Z"}
{"level":"info","message":"listening on port 7000..","timestamp":"2021-07-11T12:12:06.002Z"}
{"level":"info","message":"listening on port 7000..","timestamp":"2021-07-11T12:12:52.843Z"}
{"level":"info","message":"listening on port 7000..","timestamp":"2021-07-11T12:12:52.848Z"}
{"level":"info","message":"listening on port 7000..","timestamp":"2021-07-11T12:12:52.852Z"}
{"level":"info","message":"Connected to mongodb://localhost/vidly_tests..","timestamp":"2021-07-11T12:12:52.913Z"}
{"level":"info","message":"Connected to mongodb://localhost/vidly_tests..","timestamp":"2021-07-11T12:12:52.918Z"}
{"level":"info","message":"Connected to mongodb://localhost/vidly_tests..","timestamp":"2021-07-11T12:12:52.960Z"}
{"level":"info","message":"Connected to mongodb://localhost/vidly_tests..","timestamp":"2021-07-11T12:12:52.943Z"}
{"level":"info","message":"listening on port 7000..","timestamp":"2021-07-11T12:12:53.038Z"}
{"level":"info","message":"listening on port 7000..","timestamp":"2021-07-11T12:13:54.236Z"}
{"level":"info","message":"Connected to mongodb://localhost/vidly..","timestamp":"2021-07-11T12:13:54.272Z"}
{"level":"info","message":"listening on port 7000..","timestamp":"2021-07-11T12:16:07.460Z"}
{"level":"info","message":"listening on port 7000..","timestamp":"2021-07-11T12:16:07.464Z"}
{"level":"info","message":"listening on port 7000..","timestamp":"2021-07-11T12:16:07.493Z"}
{"level":"info","message":"Connected to mongodb://localhost/vidly_tests..","timestamp":"2021-07-11T12:16:07.525Z"}
{"level":"info","message":"Connected to mongodb://localhost/vidly_tests..","timestamp":"2021-07-11T12:16:07.538Z"}
{"level":"info","message":"Connected to mongodb://localhost/vidly_tests..","timestamp":"2021-07-11T12:16:07.566Z"}
{"level":"info","message":"Connected to mongodb://localhost/vidly_tests..","timestamp":"2021-07-11T12:16:07.577Z"}
{"level":"info","message":"listening on port 7000..","timestamp":"2021-07-11T12:16:07.634Z"}
{"level":"info","message":"listening on port 7000..","timestamp":"2021-07-11T12:17:28.675Z"}
{"level":"info","message":"listening on port 7000..","timestamp":"2021-07-11T12:17:28.687Z"}
{"level":"info","message":"listening on port 7000..","timestamp":"2021-07-11T12:17:28.710Z"}
{"level":"info","message":"Connected to mongodb://localhost/vidly_tests..","timestamp":"2021-07-11T12:17:28.747Z"}
{"level":"info","message":"Connected to mongodb://localhost/vidly_tests..","timestamp":"2021-07-11T12:17:28.787Z"}
{"level":"info","message":"Connected to mongodb://localhost/vidly_tests..","timestamp":"2021-07-11T12:17:28.789Z"}
{"level":"info","message":"listening on port 7000..","timestamp":"2021-07-11T12:17:28.971Z"}
{"level":"info","message":"Connected to mongodb://localhost/vidly_tests..","timestamp":"2021-07-11T12:17:29.040Z"}
{"level":"info","message":"listening on port 7000..","timestamp":"2021-07-11T12:20:39.614Z"}
{"level":"info","message":"listening on port 7000..","timestamp":"2021-07-11T12:20:39.615Z"}
{"level":"info","message":"listening on port 7000..","timestamp":"2021-07-11T12:20:39.644Z"}
{"level":"info","message":"Connected to mongodb://localhost/vidly_tests..","timestamp":"2021-07-11T12:20:39.677Z"}
{"level":"info","message":"Connected to mongodb://localhost/vidly_tests..","timestamp":"2021-07-11T12:20:39.724Z"}
{"level":"info","message":"Connected to mongodb://localhost/vidly_tests..","timestamp":"2021-07-11T12:20:39.736Z"}
{"level":"info","message":"Connected to mongodb://localhost/vidly_tests..","timestamp":"2021-07-11T12:20:39.828Z"}
{"level":"info","message":"listening on port 7000..","timestamp":"2021-07-11T12:20:39.908Z"}
{"level":"info","message":"listening on port 7000..","timestamp":"2021-07-11T12:21:36.364Z"}
{"level":"info","message":"listening on port 7000..","timestamp":"2021-07-11T12:21:36.364Z"}
{"level":"info","message":"listening on port 7000..","timestamp":"2021-07-11T12:21:36.376Z"}
{"level":"info","message":"Connected to mongodb://localhost/vidly_tests..","timestamp":"2021-07-11T12:21:36.420Z"}
{"level":"info","message":"Connected to mongodb://localhost/vidly_tests..","timestamp":"2021-07-11T12:21:36.442Z"}
{"level":"info","message":"Connected to mongodb://localhost/vidly_tests..","timestamp":"2021-07-11T12:21:36.468Z"}
{"level":"info","message":"listening on port 7000..","timestamp":"2021-07-11T12:21:36.589Z"}
{"level":"info","message":"Connected to mongodb://localhost/vidly_tests..","timestamp":"2021-07-11T12:21:36.698Z"}
{"level":"info","message":"listening on port 7000..","timestamp":"2021-07-11T12:22:11.653Z"}
{"level":"info","message":"listening on port 7000..","timestamp":"2021-07-11T12:22:11.668Z"}
{"level":"info","message":"listening on port 7000..","timestamp":"2021-07-11T12:22:11.702Z"}
{"level":"info","message":"Connected to mongodb://localhost/vidly_tests..","timestamp":"2021-07-11T12:22:11.730Z"}
{"level":"info","message":"Connected to mongodb://localhost/vidly_tests..","timestamp":"2021-07-11T12:22:11.763Z"}
{"level":"info","message":"Connected to mongodb://localhost/vidly_tests..","timestamp":"2021-07-11T12:22:11.765Z"}
{"level":"info","message":"Connected to mongodb://localhost/vidly_tests..","timestamp":"2021-07-11T12:22:11.788Z"}
{"level":"info","message":"listening on port 7000..","timestamp":"2021-07-11T12:22:11.856Z"}
{"level":"info","message":"listening on port 7000..","timestamp":"2021-07-11T12:24:28.679Z"}
{"level":"info","message":"Connected to mongodb://localhost/vidly_tests..","timestamp":"2021-07-11T12:24:28.731Z"}
{"level":"info","message":"listening on port 7000..","timestamp":"2021-07-11T12:24:28.735Z"}
{"level":"info","message":"listening on port 7000..","timestamp":"2021-07-11T12:24:28.748Z"}
{"level":"info","message":"Connected to mongodb://localhost/vidly_tests..","timestamp":"2021-07-11T12:24:28.767Z"}
{"level":"info","message":"Connected to mongodb://localhost/vidly_tests..","timestamp":"2021-07-11T12:24:28.809Z"}
{"level":"info","message":"listening on port 7000..","timestamp":"2021-07-11T12:24:28.865Z"}
{"level":"info","message":"Connected to mongodb://localhost/vidly_tests..","timestamp":"2021-07-11T12:24:28.866Z"}
{"level":"info","message":"listening on port 7000..","timestamp":"2021-07-11T12:25:46.229Z"}
{"level":"info","message":"listening on port 7000..","timestamp":"2021-07-11T12:25:46.234Z"}
{"level":"info","message":"Connected to mongodb://localhost/vidly_tests..","timestamp":"2021-07-11T12:25:46.301Z"}
{"level":"info","message":"listening on port 7000..","timestamp":"2021-07-11T12:25:46.319Z"}
{"level":"info","message":"Connected to mongodb://localhost/vidly_tests..","timestamp":"2021-07-11T12:25:46.361Z"}
{"level":"info","message":"Connected to mongodb://localhost/vidly_tests..","timestamp":"2021-07-11T12:25:46.405Z"}
{"level":"info","message":"listening on port 7000..","timestamp":"2021-07-11T12:25:46.514Z"}
{"level":"info","message":"Connected to mongodb://localhost/vidly_tests..","timestamp":"2021-07-11T12:25:46.580Z"}
{"level":"info","message":"listening on port 7000..","timestamp":"2021-07-11T12:26:25.529Z"}
{"level":"info","message":"listening on port 7000..","timestamp":"2021-07-11T12:26:25.538Z"}
{"level":"info","message":"Connected to mongodb://localhost/vidly_tests..","timestamp":"2021-07-11T12:26:25.617Z"}
{"level":"info","message":"Connected to mongodb://localhost/vidly_tests..","timestamp":"2021-07-11T12:26:25.630Z"}
{"level":"info","message":"Connected to mongodb://localhost/vidly_tests..","timestamp":"2021-07-11T12:26:25.721Z"}
{"level":"info","message":"listening on port 7000..","timestamp":"2021-07-11T12:26:25.763Z"}
{"level":"info","message":"Connected to mongodb://localhost/vidly_tests..","timestamp":"2021-07-11T12:26:25.829Z"}
{"level":"info","message":"listening on port 7000..","timestamp":"2021-07-11T12:26:25.832Z"}
{"level":"info","message":"listening on port 7000..","timestamp":"2021-07-11T12:27:19.879Z"}
{"level":"info","message":"listening on port 7000..","timestamp":"2021-07-11T12:27:19.891Z"}
{"level":"info","message":"listening on port 7000..","timestamp":"2021-07-11T12:27:19.897Z"}
{"level":"info","message":"Connected to mongodb://localhost/vidly_tests..","timestamp":"2021-07-11T12:27:19.945Z"}
{"level":"info","message":"Connected to mongodb://localhost/vidly_tests..","timestamp":"2021-07-11T12:27:19.950Z"}
{"level":"info","message":"Connected to mongodb://localhost/vidly_tests..","timestamp":"2021-07-11T12:27:19.987Z"}
{"level":"info","message":"Connected to mongodb://localhost/vidly_tests..","timestamp":"2021-07-11T12:27:20.016Z"}
{"level":"info","message":"listening on port 7000..","timestamp":"2021-07-11T12:27:20.087Z"}
{"level":"info","message":"listening on port 7000..","timestamp":"2021-07-11T12:29:01.861Z"}
{"level":"info","message":"listening on port 7000..","timestamp":"2021-07-11T12:29:01.887Z"}
{"level":"info","message":"listening on port 7000..","timestamp":"2021-07-11T12:29:01.890Z"}
{"level":"info","message":"Connected to mongodb://localhost/vidly_tests..","timestamp":"2021-07-11T12:29:01.947Z"}
{"level":"info","message":"Connected to mongodb://localhost/vidly_tests..","timestamp":"2021-07-11T12:29:01.950Z"}
{"level":"info","message":"Connected to mongodb://localhost/vidly_tests..","timestamp":"2021-07-11T12:29:01.994Z"}
{"level":"info","message":"listening on port 7000..","timestamp":"2021-07-11T12:29:02.277Z"}
{"level":"info","message":"Connected to mongodb://localhost/vidly_tests..","timestamp":"2021-07-11T12:29:02.353Z"}
{"level":"info","message":"listening on port 7000..","timestamp":"2021-07-11T12:50:26.180Z"}
{"level":"info","message":"listening on port 7000..","timestamp":"2021-07-11T12:50:26.153Z"}
{"level":"info","message":"Connected to mongodb://localhost/vidly_tests..","timestamp":"2021-07-11T12:50:26.259Z"}
{"level":"info","message":"Connected to mongodb://localhost/vidly_tests..","timestamp":"2021-07-11T12:50:26.245Z"}
{"level":"info","message":"Connected to mongodb://localhost/vidly_tests..","timestamp":"2021-07-11T12:50:26.263Z"}
{"level":"info","message":"Connected to mongodb://localhost/vidly_tests..","timestamp":"2021-07-11T12:50:26.251Z"}
{"level":"info","message":"listening on port 7000..","timestamp":"2021-07-11T12:50:26.338Z"}
{"level":"info","message":"listening on port 7000..","timestamp":"2021-07-11T12:50:26.343Z"}
{"level":"info","message":"listening on port 7000..","timestamp":"2021-07-11T12:51:26.391Z"}
{"level":"info","message":"listening on port 7000..","timestamp":"2021-07-11T12:51:26.392Z"}
{"level":"info","message":"listening on port 7000..","timestamp":"2021-07-11T12:51:26.407Z"}
{"level":"info","message":"Connected to mongodb://localhost/vidly_tests..","timestamp":"2021-07-11T12:51:26.456Z"}
{"level":"info","message":"Connected to mongodb://localhost/vidly_tests..","timestamp":"2021-07-11T12:51:26.471Z"}
{"level":"info","message":"Connected to mongodb://localhost/vidly_tests..","timestamp":"2021-07-11T12:51:26.516Z"}
{"level":"info","message":"listening on port 7000..","timestamp":"2021-07-11T12:51:26.661Z"}
{"level":"info","message":"Connected to mongodb://localhost/vidly_tests..","timestamp":"2021-07-11T12:51:26.732Z"}
{"level":"info","message":"listening on port 7000..","timestamp":"2021-07-11T12:51:45.733Z"}
{"level":"info","message":"Connected to mongodb://localhost/vidly_tests..","timestamp":"2021-07-11T12:51:45.846Z"}
{"level":"info","message":"Connected to mongodb://localhost/vidly_tests..","timestamp":"2021-07-11T12:51:45.837Z"}
{"level":"info","message":"listening on port 7000..","timestamp":"2021-07-11T12:51:45.844Z"}
{"level":"info","message":"Connected to mongodb://localhost/vidly_tests..","timestamp":"2021-07-11T12:51:45.892Z"}
{"level":"info","message":"listening on port 7000..","timestamp":"2021-07-11T12:51:45.924Z"}
{"level":"info","message":"Connected to mongodb://localhost/vidly_tests..","timestamp":"2021-07-11T12:51:45.931Z"}
{"level":"info","message":"listening on port 7000..","timestamp":"2021-07-11T12:51:45.993Z"}
{"level":"info","message":"listening on port 7000..","timestamp":"2021-07-13T08:09:49.366Z"}
{"level":"info","message":"Connected to mongodb://localhost/vidly_tests..","timestamp":"2021-07-13T08:09:49.459Z"}
{"level":"info","message":"listening on port 7000..","timestamp":"2021-07-13T08:09:49.452Z"}
{"level":"info","message":"Connected to mongodb://localhost/vidly_tests..","timestamp":"2021-07-13T08:09:49.513Z"}
{"level":"info","message":"listening on port 7000..","timestamp":"2021-07-13T08:09:49.410Z"}
{"level":"info","message":"Connected to mongodb://localhost/vidly_tests..","timestamp":"2021-07-13T08:09:49.601Z"}
{"level":"info","message":"listening on port 7000..","timestamp":"2021-07-13T08:09:49.624Z"}
{"level":"info","message":"Connected to mongodb://localhost/vidly_tests..","timestamp":"2021-07-13T08:09:49.638Z"}
{"level":"info","message":"listening on port 7000..","timestamp":"2021-07-13T08:10:08.200Z"}
{"level":"info","message":"listening on port 7000..","timestamp":"2021-07-13T08:10:08.267Z"}
{"level":"info","message":"Connected to mongodb://localhost/vidly_tests..","timestamp":"2021-07-13T08:10:08.431Z"}
{"level":"info","message":"Connected to mongodb://localhost/vidly_tests..","timestamp":"2021-07-13T08:10:08.454Z"}
{"level":"info","message":"Connected to mongodb://localhost/vidly_tests..","timestamp":"2021-07-13T08:10:08.552Z"}
{"level":"info","message":"Connected to mongodb://localhost/vidly_tests..","timestamp":"2021-07-13T08:10:08.579Z"}
{"level":"info","message":"listening on port 7000..","timestamp":"2021-07-13T08:10:08.755Z"}
{"level":"info","message":"listening on port 7000..","timestamp":"2021-07-13T08:10:08.807Z"}
{"level":"info","message":"listening on port 7000..","timestamp":"2021-07-13T08:11:22.396Z"}
{"level":"info","message":"listening on port 7000..","timestamp":"2021-07-13T08:11:22.566Z"}
{"level":"info","message":"Connected to mongodb://localhost/vidly_tests..","timestamp":"2021-07-13T08:11:22.632Z"}
{"level":"info","message":"Connected to mongodb://localhost/vidly_tests..","timestamp":"2021-07-13T08:11:22.662Z"}
{"level":"info","message":"Connected to mongodb://localhost/vidly_tests..","timestamp":"2021-07-13T08:11:22.773Z"}
{"level":"info","message":"listening on port 7000..","timestamp":"2021-07-13T08:11:22.844Z"}
{"level":"info","message":"listening on port 7000..","timestamp":"2021-07-13T08:11:23.169Z"}
{"level":"info","message":"Connected to mongodb://localhost/vidly_tests..","timestamp":"2021-07-13T08:11:23.281Z"}
{"level":"info","message":"listening on port 7000..","timestamp":"2021-07-13T08:12:14.874Z"}
{"level":"info","message":"listening on port 7000..","timestamp":"2021-07-13T08:12:14.886Z"}
{"level":"info","message":"Connected to mongodb://localhost/vidly_tests..","timestamp":"2021-07-13T08:12:14.954Z"}
{"level":"info","message":"listening on port 7000..","timestamp":"2021-07-13T08:12:14.948Z"}
{"level":"info","message":"Connected to mongodb://localhost/vidly_tests..","timestamp":"2021-07-13T08:12:15.062Z"}
{"level":"info","message":"Connected to mongodb://localhost/vidly_tests..","timestamp":"2021-07-13T08:12:15.094Z"}
{"level":"info","message":"listening on port 7000..","timestamp":"2021-07-13T08:12:15.438Z"}
{"level":"info","message":"Connected to mongodb://localhost/vidly_tests..","timestamp":"2021-07-13T08:12:15.548Z"}
{"level":"info","message":"listening on port 7000..","timestamp":"2021-07-13T08:12:59.180Z"}
{"level":"info","message":"Connected to mongodb://localhost/vidly_tests..","timestamp":"2021-07-13T08:12:59.257Z"}
{"level":"info","message":"listening on port 7000..","timestamp":"2021-07-13T08:12:59.231Z"}
{"level":"info","message":"listening on port 7000..","timestamp":"2021-07-13T08:12:59.300Z"}
{"level":"info","message":"Connected to mongodb://localhost/vidly_tests..","timestamp":"2021-07-13T08:12:59.383Z"}
{"level":"info","message":"Connected to mongodb://localhost/vidly_tests..","timestamp":"2021-07-13T08:12:59.363Z"}
{"level":"info","message":"listening on port 7000..","timestamp":"2021-07-13T08:12:59.485Z"}
{"level":"info","message":"Connected to mongodb://localhost/vidly_tests..","timestamp":"2021-07-13T08:12:59.513Z"}
{"level":"info","message":"listening on port 7000..","timestamp":"2021-07-13T08:36:52.805Z"}
{"level":"info","message":"Connected to mongodb://localhost/vidly_tests..","timestamp":"2021-07-13T08:36:52.952Z"}
{"level":"info","message":"listening on port 7000..","timestamp":"2021-07-13T08:36:52.942Z"}
{"level":"info","message":"Connected to mongodb://localhost/vidly_tests..","timestamp":"2021-07-13T08:36:53.033Z"}
{"level":"info","message":"listening on port 7000..","timestamp":"2021-07-13T08:36:53.011Z"}
{"level":"info","message":"Connected to mongodb://localhost/vidly_tests..","timestamp":"2021-07-13T08:36:53.093Z"}
{"level":"info","message":"listening on port 7000..","timestamp":"2021-07-13T08:36:53.322Z"}
{"level":"info","message":"Connected to mongodb://localhost/vidly_tests..","timestamp":"2021-07-13T08:36:53.424Z"}
{"level":"info","message":"listening on port 7000..","timestamp":"2021-07-13T08:37:50.374Z"}
{"level":"info","message":"listening on port 7000..","timestamp":"2021-07-13T08:37:50.420Z"}
{"level":"info","message":"Connected to mongodb://localhost/vidly_tests..","timestamp":"2021-07-13T08:37:50.473Z"}
{"level":"info","message":"Connected to mongodb://localhost/vidly_tests..","timestamp":"2021-07-13T08:37:50.515Z"}
{"level":"info","message":"Connected to mongodb://localhost/vidly_tests..","timestamp":"2021-07-13T08:37:50.619Z"}
{"level":"info","message":"listening on port 7000..","timestamp":"2021-07-13T08:37:50.627Z"}
{"level":"info","message":"listening on port 7000..","timestamp":"2021-07-13T08:37:50.639Z"}
{"level":"info","message":"Connected to mongodb://localhost/vidly_tests..","timestamp":"2021-07-13T08:37:50.721Z"}
{"level":"error","message":"req is not defined","timestamp":"2021-07-13T08:37:50.773Z"}
{"level":"error","message":"req is not defined","timestamp":"2021-07-13T08:37:50.819Z"}
{"level":"error","message":"req is not defined","timestamp":"2021-07-13T08:37:50.848Z"}
{"level":"error","message":"req is not defined","timestamp":"2021-07-13T08:37:50.875Z"}
{"level":"error","message":"req is not defined","timestamp":"2021-07-13T08:37:50.920Z"}
{"level":"error","message":"req is not defined","timestamp":"2021-07-13T08:37:50.951Z"}
{"level":"error","message":"req is not defined","timestamp":"2021-07-13T08:37:50.979Z"}
{"level":"info","message":"listening on port 7000..","timestamp":"2021-07-13T08:39:21.036Z"}
{"level":"info","message":"listening on port 7000..","timestamp":"2021-07-13T08:39:21.129Z"}
{"level":"info","message":"Connected to mongodb://localhost/vidly_tests..","timestamp":"2021-07-13T08:39:21.186Z"}
{"level":"info","message":"Connected to mongodb://localhost/vidly_tests..","timestamp":"2021-07-13T08:39:21.221Z"}
{"level":"info","message":"listening on port 7000..","timestamp":"2021-07-13T08:39:21.388Z"}
{"level":"info","message":"Connected to mongodb://localhost/vidly_tests..","timestamp":"2021-07-13T08:39:21.462Z"}
{"level":"info","message":"Connected to mongodb://localhost/vidly_tests..","timestamp":"2021-07-13T08:39:21.570Z"}
{"level":"info","message":"listening on port 7000..","timestamp":"2021-07-13T08:39:21.689Z"}
{"level":"info","message":"listening on port 7000..","timestamp":"2021-07-13T08:39:38.516Z"}
{"level":"info","message":"listening on port 7000..","timestamp":"2021-07-13T08:39:38.521Z"}
{"level":"info","message":"listening on port 7000..","timestamp":"2021-07-13T08:39:38.547Z"}
{"level":"info","message":"Connected to mongodb://localhost/vidly_tests..","timestamp":"2021-07-13T08:39:38.600Z"}
{"level":"info","message":"Connected to mongodb://localhost/vidly_tests..","timestamp":"2021-07-13T08:39:38.619Z"}
{"level":"info","message":"Connected to mongodb://localhost/vidly_tests..","timestamp":"2021-07-13T08:39:38.654Z"}
{"level":"info","message":"Connected to mongodb://localhost/vidly_tests..","timestamp":"2021-07-13T08:39:38.711Z"}
{"level":"info","message":"listening on port 7000..","timestamp":"2021-07-13T08:39:38.819Z"}
{"level":"info","message":"listening on port 7000..","timestamp":"2021-07-13T08:39:55.464Z"}
{"level":"info","message":"listening on port 7000..","timestamp":"2021-07-13T08:39:55.555Z"}
{"level":"info","message":"Connected to mongodb://localhost/vidly_tests..","timestamp":"2021-07-13T08:39:55.651Z"}
{"level":"info","message":"Connected to mongodb://localhost/vidly_tests..","timestamp":"2021-07-13T08:39:55.677Z"}
{"level":"info","message":"listening on port 7000..","timestamp":"2021-07-13T08:39:55.805Z"}
{"level":"info","message":"Connected to mongodb://localhost/vidly_tests..","timestamp":"2021-07-13T08:39:55.929Z"}
{"level":"info","message":"Connected to mongodb://localhost/vidly_tests..","timestamp":"2021-07-13T08:39:55.935Z"}
{"level":"info","message":"listening on port 7000..","timestamp":"2021-07-13T08:39:56.117Z"}
{"level":"info","message":"listening on port 7000..","timestamp":"2021-07-13T08:40:17.592Z"}
{"level":"info","message":"listening on port 7000..","timestamp":"2021-07-13T08:40:17.605Z"}
{"level":"info","message":"Connected to mongodb://localhost/vidly_tests..","timestamp":"2021-07-13T08:40:17.712Z"}
{"level":"info","message":"Connected to mongodb://localhost/vidly_tests..","timestamp":"2021-07-13T08:40:17.801Z"}
{"level":"info","message":"Connected to mongodb://localhost/vidly_tests..","timestamp":"2021-07-13T08:40:17.853Z"}
{"level":"info","message":"Connected to mongodb://localhost/vidly_tests..","timestamp":"2021-07-13T08:40:17.945Z"}
{"level":"info","message":"listening on port 7000..","timestamp":"2021-07-13T08:40:18.029Z"}
{"level":"info","message":"listening on port 7000..","timestamp":"2021-07-13T08:40:18.124Z"}
{"level":"info","message":"listening on port 7000..","timestamp":"2021-07-13T08:40:38.889Z"}
{"level":"info","message":"Connected to mongodb://localhost/vidly_tests..","timestamp":"2021-07-13T08:40:39.048Z"}
{"level":"info","message":"Connected to mongodb://localhost/vidly_tests..","timestamp":"2021-07-13T08:40:39.122Z"}
{"level":"info","message":"listening on port 7000..","timestamp":"2021-07-13T08:40:39.216Z"}
{"level":"info","message":"Connected to mongodb://localhost/vidly_tests..","timestamp":"2021-07-13T08:40:39.237Z"}
{"level":"info","message":"listening on port 7000..","timestamp":"2021-07-13T08:40:39.271Z"}
{"level":"info","message":"listening on port 7000..","timestamp":"2021-07-13T08:40:39.437Z"}
{"level":"info","message":"Connected to mongodb://localhost/vidly_tests..","timestamp":"2021-07-13T08:40:39.447Z"}
{"level":"info","message":"listening on port 7000..","timestamp":"2021-07-13T08:41:37.024Z"}
{"level":"info","message":"listening on port 7000..","timestamp":"2021-07-13T08:41:37.029Z"}
{"level":"info","message":"listening on port 7000..","timestamp":"2021-07-13T08:41:37.066Z"}
{"level":"info","message":"Connected to mongodb://localhost/vidly_tests..","timestamp":"2021-07-13T08:41:37.122Z"}
{"level":"info","message":"Connected to mongodb://localhost/vidly_tests..","timestamp":"2021-07-13T08:41:37.169Z"}
{"level":"info","message":"Connected to mongodb://localhost/vidly_tests..","timestamp":"2021-07-13T08:41:37.310Z"}
{"level":"info","message":"Connected to mongodb://localhost/vidly_tests..","timestamp":"2021-07-13T08:41:37.289Z"}
{"level":"info","message":"listening on port 7000..","timestamp":"2021-07-13T08:41:37.467Z"}
{"level":"info","message":"listening on port 7000..","timestamp":"2021-07-13T08:42:30.035Z"}
{"level":"info","message":"listening on port 7000..","timestamp":"2021-07-13T08:42:30.070Z"}
{"level":"info","message":"Connected to mongodb://localhost/vidly_tests..","timestamp":"2021-07-13T08:42:30.142Z"}
{"level":"info","message":"Connected to mongodb://localhost/vidly_tests..","timestamp":"2021-07-13T08:42:30.168Z"}
{"level":"info","message":"Connected to mongodb://localhost/vidly_tests..","timestamp":"2021-07-13T08:42:30.216Z"}
{"level":"info","message":"listening on port 7000..","timestamp":"2021-07-13T08:42:30.327Z"}
{"level":"info","message":"listening on port 7000..","timestamp":"2021-07-13T08:42:30.418Z"}
{"level":"info","message":"Connected to mongodb://localhost/vidly_tests..","timestamp":"2021-07-13T08:42:30.690Z"}
{"level":"info","message":"listening on port 7000..","timestamp":"2021-07-13T08:43:32.551Z"}
{"level":"info","message":"listening on port 7000..","timestamp":"2021-07-13T08:43:32.559Z"}
{"level":"info","message":"Connected to mongodb://localhost/vidly_tests..","timestamp":"2021-07-13T08:43:32.685Z"}
{"level":"info","message":"Connected to mongodb://localhost/vidly_tests..","timestamp":"2021-07-13T08:43:32.762Z"}
{"level":"info","message":"Connected to mongodb://localhost/vidly_tests..","timestamp":"2021-07-13T08:43:32.785Z"}
{"level":"info","message":"Connected to mongodb://localhost/vidly_tests..","timestamp":"2021-07-13T08:43:32.904Z"}
{"level":"info","message":"listening on port 7000..","timestamp":"2021-07-13T08:43:32.961Z"}
{"level":"info","message":"listening on port 7000..","timestamp":"2021-07-13T08:43:33.079Z"}
{"level":"info","message":"listening on port 7000..","timestamp":"2021-07-13T08:44:22.428Z"}
{"level":"info","message":"listening on port 7000..","timestamp":"2021-07-13T08:44:22.493Z"}
{"level":"info","message":"Connected to mongodb://localhost/vidly_tests..","timestamp":"2021-07-13T08:44:22.544Z"}
{"level":"info","message":"Connected to mongodb://localhost/vidly_tests..","timestamp":"2021-07-13T08:44:22.522Z"}
{"level":"info","message":"listening on port 7000..","timestamp":"2021-07-13T08:44:22.585Z"}
{"level":"info","message":"listening on port 7000..","timestamp":"2021-07-13T08:44:22.666Z"}
{"level":"info","message":"Connected to mongodb://localhost/vidly_tests..","timestamp":"2021-07-13T08:44:22.709Z"}
{"level":"info","message":"Connected to mongodb://localhost/vidly_tests..","timestamp":"2021-07-13T08:44:22.753Z"}
{"level":"info","message":"listening on port 7000..","timestamp":"2021-07-13T08:51:02.015Z"}
{"level":"info","message":"listening on port 7000..","timestamp":"2021-07-13T08:51:02.040Z"}
{"level":"info","message":"Connected to mongodb://localhost/vidly_tests..","timestamp":"2021-07-13T08:51:02.108Z"}
{"level":"info","message":"Connected to mongodb://localhost/vidly_tests..","timestamp":"2021-07-13T08:51:02.165Z"}
{"level":"info","message":"listening on port 7000..","timestamp":"2021-07-13T08:51:02.469Z"}
{"level":"info","message":"Connected to mongodb://localhost/vidly_tests..","timestamp":"2021-07-13T08:51:02.548Z"}
{"level":"info","message":"Connected to mongodb://localhost/vidly_tests..","timestamp":"2021-07-13T08:51:02.565Z"}
{"level":"info","message":"listening on port 7000..","timestamp":"2021-07-13T08:51:02.685Z"}
{"level":"info","message":"listening on port 7000..","timestamp":"2021-07-13T08:51:18.342Z"}
{"level":"info","message":"Connected to mongodb://localhost/vidly_tests..","timestamp":"2021-07-13T08:51:18.441Z"}
{"level":"info","message":"listening on port 7000..","timestamp":"2021-07-13T08:51:18.467Z"}
{"level":"info","message":"listening on port 7000..","timestamp":"2021-07-13T08:51:18.544Z"}
{"level":"info","message":"Connected to mongodb://localhost/vidly_tests..","timestamp":"2021-07-13T08:51:18.583Z"}
{"level":"info","message":"Connected to mongodb://localhost/vidly_tests..","timestamp":"2021-07-13T08:51:18.641Z"}
{"level":"info","message":"Connected to mongodb://localhost/vidly_tests..","timestamp":"2021-07-13T08:51:18.654Z"}
{"level":"info","message":"listening on port 7000..","timestamp":"2021-07-13T08:51:18.703Z"}
{"level":"error","message":"moment is not defined","timestamp":"2021-07-13T08:51:18.953Z"}
{"level":"error","message":"moment is not defined","timestamp":"2021-07-13T08:51:18.990Z"}
{"level":"error","message":"moment is not defined","timestamp":"2021-07-13T08:51:19.046Z"}
{"level":"error","message":"moment is not defined","timestamp":"2021-07-13T08:51:19.091Z"}
{"level":"error","message":"moment is not defined","timestamp":"2021-07-13T08:51:19.129Z"}
{"level":"info","message":"listening on port 7000..","timestamp":"2021-07-13T08:52:16.089Z"}
{"level":"info","message":"listening on port 7000..","timestamp":"2021-07-13T08:52:16.048Z"}
{"level":"info","message":"Connected to mongodb://localhost/vidly_tests..","timestamp":"2021-07-13T08:52:16.153Z"}
{"level":"info","message":"Connected to mongodb://localhost/vidly_tests..","timestamp":"2021-07-13T08:52:16.191Z"}
{"level":"info","message":"Connected to mongodb://localhost/vidly_tests..","timestamp":"2021-07-13T08:52:16.212Z"}
{"level":"info","message":"listening on port 7000..","timestamp":"2021-07-13T08:52:16.265Z"}
{"level":"info","message":"Connected to mongodb://localhost/vidly_tests..","timestamp":"2021-07-13T08:52:16.270Z"}
{"level":"info","message":"listening on port 7000..","timestamp":"2021-07-13T08:52:16.393Z"}
{"level":"info","message":"listening on port 7000..","timestamp":"2021-07-13T08:52:27.912Z"}
{"level":"info","message":"Connected to mongodb://localhost/vidly_tests..","timestamp":"2021-07-13T08:52:28.017Z"}
{"level":"info","message":"listening on port 7000..","timestamp":"2021-07-13T08:52:28.116Z"}
{"level":"info","message":"listening on port 7000..","timestamp":"2021-07-13T08:52:28.140Z"}
{"level":"info","message":"Connected to mongodb://localhost/vidly_tests..","timestamp":"2021-07-13T08:52:28.267Z"}
{"level":"info","message":"Connected to mongodb://localhost/vidly_tests..","timestamp":"2021-07-13T08:52:28.310Z"}
{"level":"info","message":"Connected to mongodb://localhost/vidly_tests..","timestamp":"2021-07-13T08:52:28.343Z"}
{"level":"info","message":"listening on port 7000..","timestamp":"2021-07-13T08:52:28.484Z"}
{"level":"info","message":"listening on port 7000..","timestamp":"2021-07-13T08:52:48.651Z"}
{"level":"info","message":"Connected to mongodb://localhost/vidly_tests..","timestamp":"2021-07-13T08:52:48.724Z"}
{"level":"info","message":"listening on port 7000..","timestamp":"2021-07-13T08:52:48.739Z"}
{"level":"info","message":"listening on port 7000..","timestamp":"2021-07-13T08:52:48.765Z"}
{"level":"info","message":"Connected to mongodb://localhost/vidly_tests..","timestamp":"2021-07-13T08:52:48.819Z"}
{"level":"info","message":"Connected to mongodb://localhost/vidly_tests..","timestamp":"2021-07-13T08:52:48.867Z"}
{"level":"info","message":"Connected to mongodb://localhost/vidly_tests..","timestamp":"2021-07-13T08:52:48.915Z"}
{"level":"info","message":"listening on port 7000..","timestamp":"2021-07-13T08:52:48.939Z"}
{"level":"info","message":"listening on port 7000..","timestamp":"2021-07-13T08:53:15.381Z"}
{"level":"info","message":"listening on port 7000..","timestamp":"2021-07-13T08:53:15.428Z"}
{"level":"info","message":"Connected to mongodb://localhost/vidly_tests..","timestamp":"2021-07-13T08:53:15.547Z"}
{"level":"info","message":"Connected to mongodb://localhost/vidly_tests..","timestamp":"2021-07-13T08:53:15.536Z"}
{"level":"info","message":"listening on port 7000..","timestamp":"2021-07-13T08:53:15.583Z"}
{"level":"info","message":"Connected to mongodb://localhost/vidly_tests..","timestamp":"2021-07-13T08:53:15.657Z"}
{"level":"info","message":"listening on port 7000..","timestamp":"2021-07-13T08:53:15.684Z"}
{"level":"info","message":"Connected to mongodb://localhost/vidly_tests..","timestamp":"2021-07-13T08:53:15.706Z"}
{"level":"info","message":"listening on port 7000..","timestamp":"2021-07-13T08:53:33.066Z"}
{"level":"info","message":"listening on port 7000..","timestamp":"2021-07-13T08:53:33.074Z"}
{"level":"info","message":"listening on port 7000..","timestamp":"2021-07-13T08:53:33.085Z"}
{"level":"info","message":"Connected to mongodb://localhost/vidly_tests..","timestamp":"2021-07-13T08:53:33.143Z"}
{"level":"info","message":"Connected to mongodb://localhost/vidly_tests..","timestamp":"2021-07-13T08:53:33.164Z"}
{"level":"info","message":"Connected to mongodb://localhost/vidly_tests..","timestamp":"2021-07-13T08:53:33.206Z"}
{"level":"info","message":"Connected to mongodb://localhost/vidly_tests..","timestamp":"2021-07-13T08:53:33.189Z"}
{"level":"info","message":"listening on port 7000..","timestamp":"2021-07-13T08:53:33.283Z"}
{"level":"info","message":"listening on port 7000..","timestamp":"2021-07-13T08:54:03.921Z"}
{"level":"info","message":"listening on port 7000..","timestamp":"2021-07-13T08:54:03.942Z"}
{"level":"info","message":"Connected to mongodb://localhost/vidly_tests..","timestamp":"2021-07-13T08:54:04.021Z"}
{"level":"info","message":"Connected to mongodb://localhost/vidly_tests..","timestamp":"2021-07-13T08:54:04.034Z"}
{"level":"info","message":"Connected to mongodb://localhost/vidly_tests..","timestamp":"2021-07-13T08:54:04.053Z"}
{"level":"info","message":"Connected to mongodb://localhost/vidly_tests..","timestamp":"2021-07-13T08:54:04.083Z"}
{"level":"info","message":"listening on port 7000..","timestamp":"2021-07-13T08:54:04.139Z"}
{"level":"info","message":"listening on port 7000..","timestamp":"2021-07-13T08:54:04.151Z"}
{"level":"info","message":"listening on port 7000..","timestamp":"2021-07-13T09:36:46.457Z"}
{"level":"info","message":"Connected to mongodb://localhost/vidly..","timestamp":"2021-07-13T09:36:46.534Z"}
